<?xml version="1.0" encoding="UTF-8"?>
<testng-results ignored="0" total="1" passed="1" failed="0" skipped="0">
  <reporter-output>
  </reporter-output>
  <suite started-at="2024-09-07T09:22:45 IST" name="Suite" finished-at="2024-09-07T09:23:08 IST" duration-ms="22686">
    <groups>
    </groups>
    <test started-at="2024-09-07T09:22:45 IST" name="Test" finished-at="2024-09-07T09:23:08 IST" duration-ms="22686">
      <class name="tc_Repositary.Assignment">
        <test-method is-config="true" signature="createConnection()[pri:0, instance:tc_Repositary.Assignment@5032714f]" started-at="2024-09-07T09:22:45 IST" name="createConnection" finished-at="2024-09-07T09:22:45 IST" duration-ms="13" status="PASS">
          <reporter-output>
          </reporter-output>
        </test-method> <!-- createConnection -->
        <test-method is-config="true" signature="launchBrowser()[pri:0, instance:tc_Repositary.Assignment@5032714f]" started-at="2024-09-07T09:22:45 IST" name="launchBrowser" finished-at="2024-09-07T09:22:50 IST" duration-ms="4149" status="PASS">
          <reporter-output>
          </reporter-output>
        </test-method> <!-- launchBrowser -->
        <test-method is-config="true" signature="login()[pri:0, instance:tc_Repositary.Assignment@5032714f]" started-at="2024-09-07T09:22:50 IST" name="login" finished-at="2024-09-07T09:22:50 IST" duration-ms="475" status="PASS">
          <reporter-output>
          </reporter-output>
        </test-method> <!-- login -->
        <test-method signature="ass()[pri:0, instance:tc_Repositary.Assignment@5032714f]" started-at="2024-09-07T09:22:50 IST" name="ass" finished-at="2024-09-07T09:23:05 IST" duration-ms="14889" status="PASS">
          <reporter-output>
          </reporter-output>
        </test-method> <!-- ass -->
        <test-method is-config="true" signature="logout()[pri:0, instance:tc_Repositary.Assignment@5032714f]" started-at="2024-09-07T09:23:05 IST" name="logout" finished-at="2024-09-07T09:23:08 IST" duration-ms="2893" status="PASS">
          <reporter-output>
          </reporter-output>
        </test-method> <!-- logout -->
        <test-method is-config="true" signature="closeBrowser()[pri:0, instance:tc_Repositary.Assignment@5032714f]" started-at="2024-09-07T09:23:08 IST" name="closeBrowser" finished-at="2024-09-07T09:23:08 IST" duration-ms="246" status="PASS">
          <reporter-output>
          </reporter-output>
        </test-method> <!-- closeBrowser -->
        <test-method is-config="true" signature="closeConnection()[pri:0, instance:tc_Repositary.Assignment@5032714f]" started-at="2024-09-07T09:23:08 IST" name="closeConnection" finished-at="2024-09-07T09:23:08 IST" duration-ms="0" status="PASS">
          <reporter-output>
          </reporter-output>
        </test-method> <!-- closeConnection -->
      </class> <!-- tc_Repositary.Assignment -->
    </test> <!-- Test -->
  </suite> <!-- Suite -->
</testng-results>
